Build started 12/01/2011 10:19:52 PM.
     1>Project "C:\Users\WMORRIS\Documents\JUNIOR'S\V_projects\Ray_Tracing\Ray_Tracing.vcxproj" on node 2 (build target(s)).
     1>InitializeBuildStatus:
         Touching "Debug\Ray_Tracing.unsuccessfulbuild".
       ClCompile:
         c:\Program Files\Microsoft Visual Studio 10.0\VC\bin\CL.exe /c /ZI /nologo /W3 /WX- /Od /Oy- /D WIN32 /D _DEBUG /D _CONSOLE /D _UNICODE /D UNICODE /Gm /EHsc /RTC1 /MDd /GS /fp:precise /Zc:wchar_t /Zc:forScope /Fo"Debug\\" /Fd"Debug\vc100.pdb" /Gd /TP /analyze- /errorReport:prompt "..\..\..\JUNIOR'S\V_projects\Ray_Tracing\Ray_Tracing.cpp"
         Ray_Tracing.cpp
       ManifestResourceCompile:
         All outputs are up-to-date.
       Link:
         c:\Program Files\Microsoft Visual Studio 10.0\VC\bin\link.exe /ERRORREPORT:PROMPT /OUT:"C:\Users\WMORRIS\Documents\JUNIOR'S\V_projects\Ray_Tracing\Debug\Ray_Tracing.exe" /INCREMENTAL /NOLOGO glew32.lib glut32.lib opengl32.lib kernel32.lib user32.lib gdi32.lib winspool.lib comdlg32.lib advapi32.lib shell32.lib ole32.lib oleaut32.lib uuid.lib odbc32.lib odbccp32.lib /MANIFEST /ManifestFile:"Debug\Ray_Tracing.exe.intermediate.manifest" /MANIFESTUAC:"level='asInvoker' uiAccess='false'" /DEBUG /PDB:"C:\Users\WMORRIS\Documents\JUNIOR'S\V_projects\Ray_Tracing\Debug\Ray_Tracing.pdb" /SUBSYSTEM:CONSOLE /TLBID:1 /DYNAMICBASE /NXCOMPAT /IMPLIB:"C:\Users\WMORRIS\Documents\JUNIOR'S\V_projects\Ray_Tracing\Debug\Ray_Tracing.lib" /MACHINE:X86 Debug\Ray_Tracing.exe.embed.manifest.res
         Debug\Ray_Tracing.obj
       Manifest:
         C:\Program Files\Microsoft SDKs\Windows\v7.0A\bin\mt.exe /nologo /verbose /out:"Debug\Ray_Tracing.exe.embed.manifest" /manifest Debug\Ray_Tracing.exe.intermediate.manifest
         All outputs are up-to-date.
       LinkEmbedManifest:
         All outputs are up-to-date.
         Ray_Tracing.vcxproj -> C:\Users\WMORRIS\Documents\JUNIOR'S\V_projects\Ray_Tracing\Debug\Ray_Tracing.exe
       FinalizeBuildStatus:
         Deleting file "Debug\Ray_Tracing.unsuccessfulbuild".
         Touching "Debug\Ray_Tracing.lastbuildstate".
     1>Done Building Project "C:\Users\WMORRIS\Documents\JUNIOR'S\V_projects\Ray_Tracing\Ray_Tracing.vcxproj" (build target(s)).

Build succeeded.

Time Elapsed 00:00:01.69
